<?xml version="1.0" encoding="UTF-8"?>
<!-- Generated by org.testng.reporters.JUnitReportReporter -->
<testsuite hostname="DESKTOP-83QE901" failures="0" tests="3" name="TestRunner.TestRunner1" time="79.358" errors="0" timestamp="2023-02-26T15:08:10 GMT" skipped="0">
  <testcase classname="TestRunner.TestRunner1" name="runScenario" time="29.114"/>
  <system-out/>
  <testcase classname="TestRunner.TestRunner1" name="runScenario" time="23.496"/>
  <system-out>
    <![CDATA[expected [Smartbazaar – World of Asian Foods] but found [Smartbazaa – World of Asian Foods]
Fail]]>
  </system-out>
  <testcase classname="TestRunner.TestRunner1" name="runScenario" time="26.748"/>
  <system-out/>
</testsuite> <!-- TestRunner.TestRunner1 -->
