<?xml version="1.0" encoding="UTF-8"?>
<!-- Generated by org.testng.reporters.JUnitReportReporter -->
<testsuite hostname="DESKTOP-83QE901" failures="0" tests="3" name="TestRunner.TestRunner1" time="82.162" errors="0" timestamp="2023-03-04T13:08:21 GMT" skipped="0">
  <testcase classname="TestRunner.TestRunner1" name="runScenario" time="29.714"/>
  <system-out>
    <![CDATA[expected [Smartbazaar – World of Asian Foods] but found [Smartbazaa – World of Asian Foods]
Fail]]>
  </system-out>
  <testcase classname="TestRunner.TestRunner1" name="runScenario" time="28.116"/>
  <system-out/>
  <testcase classname="TestRunner.TestRunner1" name="runScenario" time="24.332"/>
  <system-out/>
</testsuite> <!-- TestRunner.TestRunner1 -->
